==========
Args:Namespace(arch1='base', arch2='classifier', dataset='mars', eval_step=50, evaluate=False, gamma=0.1, gpu_devices='0', height=384, htri_only=False, lr=0.0003, margin=0.3, max_epoch=1400, num_instances=2, part1=6, part2=12, pool='avg', pretrained_model='/home/jiyang/Workspace/Works/video-person-reid/3dconv-person-reid/pretrained_models/resnet-50-kinetics.pth', print_freq=80, save_dir='log', seed=1, seq_len=4, start_epoch=0, stepsize=200, test_batch=1, train_batch=16, use_cpu=False, weight_decay=0.0005, width=192, workers=4)
==========
Currently using GPU 0
Initializing dataset mars
=> MARS loaded
Dataset statistics:
  ------------------------------
  subset   | # ids | # tracklets
  ------------------------------
  train    |   625 |     8298
  query    |   626 |     1980
  gallery  |   622 |     9330
  ------------------------------
  total    |  1251 |    19608
  number of images per tracklet: 2 ~ 920, average 59.5
  ------------------------------
Initializing model: base
Model size: 19.71718M
process start time ==> Total elapsed time (h:m:s): 1601322001.4608724
==> Epoch 1/1400
